[debug] [2023-04-24T17:36:08.357Z] ----------------------------------------------------------------------
[debug] [2023-04-24T17:36:08.360Z] Command:       C:\Program Files\nodejs\node.exe C:\Users\User\AppData\Roaming\npm\node_modules\firebase-tools\lib\bin\firebase.js init emulators
[debug] [2023-04-24T17:36:08.361Z] CLI Version:   11.28.0
[debug] [2023-04-24T17:36:08.361Z] Platform:      win32
[debug] [2023-04-24T17:36:08.362Z] Node Version:  v18.15.0
[debug] [2023-04-24T17:36:08.363Z] Time:          Mon Apr 24 2023 19:36:08 GMT+0200 (South Africa Standard Time)
[debug] [2023-04-24T17:36:08.363Z] ----------------------------------------------------------------------
[debug] 
[debug] [2023-04-24T17:36:08.375Z] > command requires scopes: ["email","openid","https://www.googleapis.com/auth/cloudplatformprojects.readonly","https://www.googleapis.com/auth/firebase","https://www.googleapis.com/auth/cloud-platform"]
[debug] [2023-04-24T17:36:08.376Z] > authorizing via signed-in user (kagishopitsi@gmail.com)
[info] 
     ######## #### ########  ######## ########     ###     ######  ########
     ##        ##  ##     ## ##       ##     ##  ##   ##  ##       ##
     ######    ##  ########  ######   ########  #########  ######  ######
     ##        ##  ##    ##  ##       ##     ## ##     ##       ## ##
     ##       #### ##     ## ######## ########  ##     ##  ######  ########

You're about to initialize a Firebase project in this directory:

  C:\Users\User\Desktop\greensync

[info] 
=== Project Setup
[info] 
[info] First, let's associate this project directory with a Firebase project.
[info] You can create multiple project aliases by running firebase use --add, 
[info] but for now we'll just set up a default project.
[info] 
[debug] [2023-04-24T17:36:19.097Z] Using project from CLI flag: opher-4f2a6
[debug] [2023-04-24T17:36:19.101Z] >>> [apiv2][query] GET https://firebase.googleapis.com/v1beta1/projects/opher-4f2a6 [none]
[debug] [2023-04-24T17:36:20.018Z] <<< [apiv2][status] GET https://firebase.googleapis.com/v1beta1/projects/opher-4f2a6 403
[debug] [2023-04-24T17:36:20.019Z] <<< [apiv2][body] GET https://firebase.googleapis.com/v1beta1/projects/opher-4f2a6 {"error":{"code":403,"message":"The caller does not have permission","status":"PERMISSION_DENIED"}}
[debug] [2023-04-24T17:36:20.022Z] HTTP Error: 403, The caller does not have permission
[debug] [2023-04-24T17:36:20.765Z] FirebaseError: HTTP Error: 403, The caller does not have permission
    at responseToError (C:\Users\User\AppData\Roaming\npm\node_modules\firebase-tools\lib\responseToError.js:49:12)
    at RetryOperation._fn (C:\Users\User\AppData\Roaming\npm\node_modules\firebase-tools\lib\apiv2.js:288:77)
    at process.processTicksAndRejections (node:internal/process/task_queues:95:5)
[error] 
[error] Error: Failed to get Firebase project opher-4f2a6. Please make sure the project exists and your account has permission to access it.
